<?xml version="1.0" encoding="UTF-8"?>
<testsuite name="Cucumber" time="59.871" tests="1" skipped="0" failures="0" errors="0">
<testcase classname="Validate the Gift Card page" name="Check the gift card functionality for MakeMyTrip" time="59.646">
<system-out><![CDATA[
Given User is on the homepage of MakeMyTrip application.....................passed
When the user clicks on Giftcards...........................................passed
And User selects category...................................................passed
And User selects card.......................................................passed
And User selects amount.....................................................passed
And User enters name for gift card..........................................passed
And User enters mobile number for gift card.................................passed
And User enters email for gift card.........................................passed
And User clicks on button for gift card.....................................passed
Then Next page should be displayed..........................................passed
]]></system-out>
</testcase>
</testsuite>
