<?xml version="1.0" encoding="UTF-8"?>
<testng-results ignored="0" total="1" passed="1" failed="0" skipped="0">
  <reporter-output>
  </reporter-output>
  <suite started-at="2023-09-06T19:20:35 IST" name="Default suite" finished-at="2023-09-06T19:20:44 IST" duration-ms="8678">
    <groups>
    </groups>
    <test started-at="2023-09-06T19:20:35 IST" name="Default test" finished-at="2023-09-06T19:20:44 IST" duration-ms="8678">
      <class name="ExtentReport.ExtentRepo">
        <test-method signature="verifyTitle()[pri:0, instance:ExtentReport.ExtentRepo@496bc455]" started-at="2023-09-06T19:20:35 IST" name="verifyTitle" finished-at="2023-09-06T19:20:44 IST" duration-ms="8613" status="PASS">
          <reporter-output>
          </reporter-output>
        </test-method> <!-- verifyTitle -->
      </class> <!-- ExtentReport.ExtentRepo -->
    </test> <!-- Default test -->
  </suite> <!-- Default suite -->
</testng-results>
